0 info it worked if it ends with ok
1 verbose cli [ 'C:\\Program Files\\nodejs\\node.exe',
1 verbose cli   'C:\\Program Files\\nodejs\\node_modules\\npm\\bin\\npm-cli.js',
1 verbose cli   'start' ]
2 info using npm@3.10.10
3 info using node@v6.9.5
4 verbose run-script [ 'prestart', 'start', 'poststart' ]
5 info lifecycle express-vue-crud@0.0.0~prestart: express-vue-crud@0.0.0
6 silly lifecycle express-vue-crud@0.0.0~prestart: no script for prestart, continuing
7 info lifecycle express-vue-crud@0.0.0~start: express-vue-crud@0.0.0
8 verbose lifecycle express-vue-crud@0.0.0~start: unsafe-perm in lifecycle true
9 verbose lifecycle express-vue-crud@0.0.0~start: PATH: C:\Program Files\nodejs\node_modules\npm\bin\node-gyp-bin;C:\Users\Ismael\Desktop\Sites\NodeJS\express-vue-crud\node_modules\.bin;C:\ProgramData\Oracle\Java\javapath;C:\WINDOWS\system32;C:\WINDOWS;C:\WINDOWS\System32\Wbem;C:\WINDOWS\System32\WindowsPowerShell\v1.0\;C:\Program Files\Git\cmd;C:\xampp\php;C:\ProgramData\ComposerSetup\bin;C:\wamp\bin\php\php5.4.3;C:\Program Files\Calibre2\;C:\Program Files (x86)\NVIDIA Corporation\PhysX\Common;C:\Program Files (x86)\GtkSharp\2.12\bin;C:\Program Files\nodejs\;C:\Program Files (x86)\Google\Chrome\Application;C:\HashiCorp\Vagrant\bin;C:\Users\Ismael\AppData\Local\Programs\Python\Python36;C:\Users\Ismael\AppData\Local\Programs\Python\Python36-32\Scripts\;C:\Users\Ismael\AppData\Local\Programs\Python\Python36-32\;C:\Users\Ismael\AppData\Roaming\Composer\vendor\bin;C:\Python27;C:\Users\Ismael\AppData\Roaming\npm;C:\Users\Ismael\AppData\Local\atom\bin;C:\Program Files\Microsoft VS Code\bin
10 verbose lifecycle express-vue-crud@0.0.0~start: CWD: C:\Users\Ismael\Desktop\Sites\NodeJS\express-vue-crud
11 silly lifecycle express-vue-crud@0.0.0~start: Args: [ '/d /s /c', 'node ./bin/www' ]
12 verbose stack Error: kill ENOSYS
12 verbose stack     at exports._errnoException (util.js:1022:11)
12 verbose stack     at process.kill (internal/process.js:172:13)
12 verbose stack     at process.listener (C:\Program Files\nodejs\node_modules\npm\node_modules\npmlog\node_modules\gauge\node_modules\signal-exit\index.js:86:15)
12 verbose stack     at emitNone (events.js:91:20)
12 verbose stack     at process.emit (events.js:185:7)
12 verbose stack     at processEmit (C:\Program Files\nodejs\node_modules\npm\node_modules\npmlog\node_modules\gauge\node_modules\signal-exit\index.js:146:32)
12 verbose stack     at processEmit (C:\Program Files\nodejs\node_modules\npm\node_modules\npm-registry-client\node_modules\npmlog\node_modules\gauge\node_modules\signal-exit\index.js:146:32)
12 verbose stack     at Signal.wrap.onsignal (internal/process.js:199:44)
13 verbose cwd C:\Users\Ismael\Desktop\Sites\NodeJS\express-vue-crud
14 error Windows_NT 10.0.10586
15 error argv "C:\\Program Files\\nodejs\\node.exe" "C:\\Program Files\\nodejs\\node_modules\\npm\\bin\\npm-cli.js" "start"
16 error node v6.9.5
17 error npm  v3.10.10
18 error code ENOSYS
19 error errno ENOSYS
20 error syscall kill
21 error kill ENOSYS
22 error If you need help, you may report this error at:
22 error     <https://github.com/npm/npm/issues>
23 verbose exit [ 1, true ]
